time="2024-06-11 18:10:18" level=info msg="Finished reading JWT secret from ./network/node-0/execution/jwtsecret" prefix=execution
time="2024-06-11 18:10:18" level=warning msg="Running on custom Ethereum network specified in a chain configuration yaml file" prefix=flags
time="2024-06-11 18:10:18" level=warning msg="Enabled feature flag" prefix=flags slasher="Enables a slasher in the beacon node for detecting slashable offenses."
time="2024-06-11 18:10:18" level=warning msg="Fee recipient 0x123463a4b065722e99115d6c222f267d9cabb524 is not a checksum Ethereum address. The checksummed address is 0x123463a4B065722E99115D6c222f267d9cABb524 and will be used as the fee recipient. We recommend using a mixed-case address (checksum) to prevent spelling mistakes in your fee recipient Ethereum address" prefix=node
time="2024-06-11 18:10:18" level=info msg="Default fee recipient is set to 0x123463a4B065722E99115D6c222f267d9cABb524, recipient may be overwritten from validator client and persist in db. Default fee recipient will be used as a fall back" prefix=node
time="2024-06-11 18:10:18" level=info msg="Checking DB" databasePath="network/node-0/consensus/beacondata/beaconchaindata" prefix=node
time="2024-06-11 18:10:18" level=info msg="Opening Bolt DB" path="network/node-0/consensus/beacondata/beaconchaindata/beaconchain.db" prefix=db
time="2024-06-11 18:10:18" level=info msg="Loading genesis state from disk." hash=0x89ed35caa31c2e0280d39c3b1f62207cba11c6103db2356838e38f394c48d04f prefix=genesis
time="2024-06-11 18:10:18" level=info msg="Deposit contract" address=0x4242424242424242424242424242424242424242 prefix=node
time="2024-06-11 18:10:18" level=info msg="Checking DB" databasePath="network/node-0/consensus/beacondata/beaconchaindata" prefix=node
time="2024-06-11 18:10:18" level=warning msg="No bootstrap addresses supplied" prefix=p2p
time="2024-06-11 18:10:18" level=info msg="Running node with peer id of 16Uiu2HAkxp9T4ZEKLBKPHUZ9xF5vLFCjcbdQbFBVAVo1Hn5zvEgT " prefix=p2p
time="2024-06-11 18:10:18" level=info msg="gRPC server listening on port" address="127.0.0.1:4000" prefix=rpc
time="2024-06-11 18:10:18" level=warning msg="You are using an insecure gRPC server. If you are running your beacon node and validator on the same machines, you can ignore this message. If you want to know how to enable secure connections, see: https://docs.prylabs.network/docs/prysm-usage/secure-grpc" prefix=rpc
time="2024-06-11 18:10:18" level=info msg="Enabled debug gRPC endpoints" prefix=rpc
time="2024-06-11 18:10:18" level=info msg="Starting beacon node" prefix=node version="Prysm/Unknown/Local build. Built at: Moments ago"
time="2024-06-11 18:10:18" level=info msg="Waiting for state to be initialized" prefix=initial-sync
time="2024-06-11 18:10:18" level=info msg="Backfill service not enabled" prefix=backfill
time="2024-06-11 18:10:18" level=info msg="Blockchain data already exists in DB, initializing..." prefix=blockchain
time="2024-06-11 18:10:18" level=info msg="Starting gRPC gateway" address="127.0.0.1:4100" prefix=gateway
time="2024-06-11 18:10:18" level=info msg="Slasher received chain initialization event" genesisTime=2024-06-11 18:10:11 +0530 IST prefix=slasher
time="2024-06-11 18:10:18" level=info msg="Completed chain sync, starting slashing detection" prefix=slasher
time="2024-06-11 18:10:18" level=info msg="Received state initialized event" prefix=initial-sync
time="2024-06-11 18:10:18" level=info msg="Reading last epoch written for each validator..." prefix=slasher
time="2024-06-11 18:10:18" level=info msg="Chain started within the last epoch - not syncing" genesisTime=2024-06-11 18:10:11 +0530 IST prefix=initial-sync
time="2024-06-11 18:10:18" level=info msg="Finished retrieving last epoch written per validator" elapsed=19.458µs prefix=slasher
time="2024-06-11 18:10:18" level=info msg="Start processing queued attestations" attsQueueSize=0 currentEpoch=0 currentSlot=0 numDeferredAtts=0 numDroppedAtts=0 numValidAtts=0 prefix=slasher
time="2024-06-11 18:10:18" level=info msg="Done processing queued attestations" elapsed=9.375µs prefix=slasher
time="2024-06-11 18:10:18" level=info msg="Processing queued blocks for slashing detection" currentEpoch=0 currentSlot=0 numBlocks=0 prefix=slasher
time="2024-06-11 18:10:18" level=info msg="Started discovery v5" ENR="enr:-MK4QPi0zpfzS_JoLBE0p30-IpkDo3vxL1FPJYeivaRjDDcNYg5MBxD9WJce6eR3udrZ1v2yuuOvjCu-jD_49cnM6AGGAZAHUEDSh2F0dG5ldHOIAAAAAAAAAACEZXRoMpCdcTZPIAAAk___________gmlkgnY0gmlwhMCoAQeJc2VjcDI1NmsxoQIyVOYwTEoSpePzUftmMwS0S_ObNNFque92_miy-_MCXIhzeW5jbmV0cwCDdGNwghBog3VkcIIQzA" prefix=p2p
time="2024-06-11 18:10:18" level=info msg="Node started p2p server" multiAddr="/ip4/192.168.1.7/tcp/4200/p2p/16Uiu2HAkxp9T4ZEKLBKPHUZ9xF5vLFCjcbdQbFBVAVo1Hn5zvEgT" prefix=p2p
time="2024-06-11 18:10:18" level=info msg="Subscribed to" prefix=sync topic="/eth2/9d71364f/beacon_block/ssz_snappy"
time="2024-06-11 18:10:18" level=info msg="Subscribed to" prefix=sync topic="/eth2/9d71364f/beacon_aggregate_and_proof/ssz_snappy"
time="2024-06-11 18:10:18" level=info msg="Subscribed to" prefix=sync topic="/eth2/9d71364f/voluntary_exit/ssz_snappy"
time="2024-06-11 18:10:18" level=info msg="Subscribed to" prefix=sync topic="/eth2/9d71364f/proposer_slashing/ssz_snappy"
time="2024-06-11 18:10:18" level=info msg="Subscribed to" prefix=sync topic="/eth2/9d71364f/attester_slashing/ssz_snappy"
time="2024-06-11 18:10:18" level=warning msg="Subnet weight is 0, skipping initializing topic scoring" prefix=p2p
time="2024-06-11 18:10:18" level=info msg="Subscribed to" prefix=sync topic="/eth2/9d71364f/sync_committee_contribution_and_proof/ssz_snappy"
time="2024-06-11 18:10:18" level=warning msg="Subnet weight is 0, skipping initializing topic scoring" prefix=p2p
time="2024-06-11 18:10:18" level=info msg="Subscribed to" prefix=sync topic="/eth2/9d71364f/beacon_attestation_58/ssz_snappy"
time="2024-06-11 18:10:18" level=info msg="Subscribed to" prefix=sync topic="/eth2/9d71364f/bls_to_execution_change/ssz_snappy"
time="2024-06-11 18:10:18" level=warning msg="Subnet weight is 0, skipping initializing topic scoring" prefix=p2p
time="2024-06-11 18:10:18" level=info msg="Subscribed to" prefix=sync topic="/eth2/9d71364f/beacon_attestation_59/ssz_snappy"
time="2024-06-11 18:10:18" level=info msg="Subscribed to" prefix=sync topic="/eth2/9d71364f/blob_sidecar_0/ssz_snappy"
time="2024-06-11 18:10:18" level=info msg="Subscribed to" prefix=sync topic="/eth2/9d71364f/blob_sidecar_1/ssz_snappy"
time="2024-06-11 18:10:18" level=info msg="Subscribed to" prefix=sync topic="/eth2/9d71364f/blob_sidecar_2/ssz_snappy"
time="2024-06-11 18:10:18" level=info msg="Subscribed to" prefix=sync topic="/eth2/9d71364f/blob_sidecar_3/ssz_snappy"
time="2024-06-11 18:10:18" level=info msg="Subscribed to" prefix=sync topic="/eth2/9d71364f/blob_sidecar_4/ssz_snappy"
time="2024-06-11 18:10:18" level=info msg="Subscribed to" prefix=sync topic="/eth2/9d71364f/blob_sidecar_5/ssz_snappy"
time="2024-06-11 18:10:19" level=info msg="gRPC client connected to beacon node" addr="127.0.0.1:63600" prefix=rpc
time="2024-06-11 18:10:19" level=info msg="Updated fee recipient addresses for validator indices" prefix="rpc/validator" validatorCount=1
time="2024-06-11 18:10:19" level=info msg="Updated fee recipient addresses for validator indices" prefix="rpc/validator" validatorCount=1
time="2024-06-11 18:10:23" level=info msg="Processing queued blocks for slashing detection" currentEpoch=0 currentSlot=1 numBlocks=0 prefix=slasher
time="2024-06-11 18:10:23" level=warning msg="Subnet weight is 0, skipping initializing topic scoring" prefix=p2p
time="2024-06-11 18:10:23" level=info msg="Subscribed to" prefix=sync topic="/eth2/9d71364f/sync_committee_0/ssz_snappy"
time="2024-06-11 18:10:23" level=warning msg="Subnet weight is 0, skipping initializing topic scoring" prefix=p2p
time="2024-06-11 18:10:23" level=info msg="Subscribed to" prefix=sync topic="/eth2/9d71364f/sync_committee_1/ssz_snappy"
time="2024-06-11 18:10:23" level=warning msg="Subnet weight is 0, skipping initializing topic scoring" prefix=p2p
time="2024-06-11 18:10:23" level=info msg="Subscribed to" prefix=sync topic="/eth2/9d71364f/sync_committee_2/ssz_snappy"
time="2024-06-11 18:10:23" level=warning msg="Subnet weight is 0, skipping initializing topic scoring" prefix=p2p
time="2024-06-11 18:10:23" level=info msg="Subscribed to" prefix=sync topic="/eth2/9d71364f/sync_committee_3/ssz_snappy"
time="2024-06-11 18:10:23" level=warning msg="Subnet weight is 0, skipping initializing topic scoring" prefix=p2p
time="2024-06-11 18:10:23" level=info msg="Subscribed to" prefix=sync topic="/eth2/9d71364f/beacon_attestation_2/ssz_snappy"
time="2024-06-11 18:10:23" level=info msg="Start processing queued attestations" attsQueueSize=0 currentEpoch=0 currentSlot=1 numDeferredAtts=0 numDroppedAtts=0 numValidAtts=0 prefix=slasher
time="2024-06-11 18:10:23" level=info msg="Done processing queued attestations" elapsed=35.167µs prefix=slasher
time="2024-06-11 18:10:31" level=error msg="Failed to broadcast sync committee message" error="could not publish message: unable to find requisite number of peers for topic /eth2/9d71364f/sync_committee_2/ssz_snappy, 0 peers found to publish to: context deadline exceeded" prefix=p2p
time="2024-06-11 18:10:31" level=error msg="Failed to broadcast sync committee message" error="could not publish message: unable to find requisite number of peers for topic /eth2/9d71364f/sync_committee_0/ssz_snappy, 0 peers found to publish to: context deadline exceeded" prefix=p2p
time="2024-06-11 18:10:31" level=error msg="Failed to broadcast sync committee message" error="could not publish message: unable to find requisite number of peers for topic /eth2/9d71364f/sync_committee_1/ssz_snappy, 0 peers found to publish to: context deadline exceeded" prefix=p2p
time="2024-06-11 18:10:31" level=error msg="Failed to broadcast sync committee message" error="could not publish message: unable to find requisite number of peers for topic /eth2/9d71364f/sync_committee_0/ssz_snappy, 0 peers found to publish to: context deadline exceeded" prefix=p2p
time="2024-06-11 18:10:31" level=error msg="Failed to broadcast sync committee message" error="could not publish message: unable to find requisite number of peers for topic /eth2/9d71364f/sync_committee_0/ssz_snappy, 0 peers found to publish to: context deadline exceeded" prefix=p2p
time="2024-06-11 18:10:31" level=error msg="Failed to broadcast sync committee message" error="could not publish message: unable to find requisite number of peers for topic /eth2/9d71364f/sync_committee_0/ssz_snappy, 0 peers found to publish to: context deadline exceeded" prefix=p2p
time="2024-06-11 18:10:31" level=error msg="Failed to broadcast sync committee message" error="could not publish message: unable to find requisite number of peers for topic /eth2/9d71364f/sync_committee_0/ssz_snappy, 0 peers found to publish to: context deadline exceeded" prefix=p2p
time="2024-06-11 18:10:31" level=error msg="Failed to broadcast sync committee message" error="could not publish message: unable to find requisite number of peers for topic /eth2/9d71364f/sync_committee_2/ssz_snappy, 0 peers found to publish to: context deadline exceeded" prefix=p2p
time="2024-06-11 18:10:31" level=error msg="Failed to broadcast sync committee message" error="could not publish message: unable to find requisite number of peers for topic /eth2/9d71364f/sync_committee_0/ssz_snappy, 0 peers found to publish to: context deadline exceeded" prefix=p2p
time="2024-06-11 18:10:31" level=error msg="Failed to broadcast sync committee message" error="could not publish message: unable to find requisite number of peers for topic /eth2/9d71364f/sync_committee_3/ssz_snappy, 0 peers found to publish to: context deadline exceeded" prefix=p2p
time="2024-06-11 18:10:31" level=error msg="Failed to broadcast sync committee message" error="could not publish message: unable to find requisite number of peers for topic /eth2/9d71364f/sync_committee_1/ssz_snappy, 0 peers found to publish to: context deadline exceeded" prefix=p2p
time="2024-06-11 18:10:31" level=error msg="Failed to broadcast sync committee message" error="could not publish message: unable to find requisite number of peers for topic /eth2/9d71364f/sync_committee_3/ssz_snappy, 0 peers found to publish to: context deadline exceeded" prefix=p2p
time="2024-06-11 18:10:31" level=error msg="Failed to broadcast sync committee message" error="could not publish message: unable to find requisite number of peers for topic /eth2/9d71364f/sync_committee_0/ssz_snappy, 0 peers found to publish to: context deadline exceeded" prefix=p2p
time="2024-06-11 18:10:31" level=error msg="Failed to broadcast sync committee message" error="could not publish message: unable to find requisite number of peers for topic /eth2/9d71364f/sync_committee_3/ssz_snappy, 0 peers found to publish to: context deadline exceeded" prefix=p2p
time="2024-06-11 18:10:31" level=error msg="Failed to broadcast sync committee message" error="could not publish message: unable to find requisite number of peers for topic /eth2/9d71364f/sync_committee_1/ssz_snappy, 0 peers found to publish to: context deadline exceeded" prefix=p2p
time="2024-06-11 18:10:31" level=error msg="Failed to broadcast sync committee message" error="could not publish message: unable to find requisite number of peers for topic /eth2/9d71364f/sync_committee_3/ssz_snappy, 0 peers found to publish to: context deadline exceeded" prefix=p2p
time="2024-06-11 18:10:31" level=error msg="Failed to broadcast sync committee message" error="could not publish message: unable to find requisite number of peers for topic /eth2/9d71364f/sync_committee_3/ssz_snappy, 0 peers found to publish to: context deadline exceeded" prefix=p2p
time="2024-06-11 18:10:31" level=error msg="Failed to broadcast sync committee message" error="could not publish message: unable to find requisite number of peers for topic /eth2/9d71364f/sync_committee_0/ssz_snappy, 0 peers found to publish to: context deadline exceeded" prefix=p2p
time="2024-06-11 18:10:31" level=error msg="Failed to broadcast sync committee message" error="could not publish message: unable to find requisite number of peers for topic /eth2/9d71364f/sync_committee_1/ssz_snappy, 0 peers found to publish to: context deadline exceeded" prefix=p2p
time="2024-06-11 18:10:31" level=error msg="Failed to broadcast sync committee message" error="could not publish message: unable to find requisite number of peers for topic /eth2/9d71364f/sync_committee_0/ssz_snappy, 0 peers found to publish to: context deadline exceeded" prefix=p2p
time="2024-06-11 18:10:31" level=error msg="Failed to broadcast sync committee message" error="could not publish message: unable to find requisite number of peers for topic /eth2/9d71364f/sync_committee_2/ssz_snappy, 0 peers found to publish to: context deadline exceeded" prefix=p2p
time="2024-06-11 18:10:31" level=error msg="Failed to broadcast sync committee message" error="could not publish message: unable to find requisite number of peers for topic /eth2/9d71364f/sync_committee_2/ssz_snappy, 0 peers found to publish to: context deadline exceeded" prefix=p2p
time="2024-06-11 18:10:31" level=error msg="Failed to broadcast sync committee message" error="could not publish message: unable to find requisite number of peers for topic /eth2/9d71364f/sync_committee_3/ssz_snappy, 0 peers found to publish to: context deadline exceeded" prefix=p2p
time="2024-06-11 18:10:31" level=error msg="Failed to broadcast sync committee message" error="could not publish message: unable to find requisite number of peers for topic /eth2/9d71364f/sync_committee_2/ssz_snappy, 0 peers found to publish to: context deadline exceeded" prefix=p2p
time="2024-06-11 18:10:31" level=error msg="Failed to broadcast sync committee message" error="could not publish message: unable to find requisite number of peers for topic /eth2/9d71364f/sync_committee_1/ssz_snappy, 0 peers found to publish to: context deadline exceeded" prefix=p2p
time="2024-06-11 18:10:31" level=error msg="Failed to broadcast sync committee message" error="could not publish message: unable to find requisite number of peers for topic /eth2/9d71364f/sync_committee_1/ssz_snappy, 0 peers found to publish to: context deadline exceeded" prefix=p2p
time="2024-06-11 18:10:31" level=error msg="Failed to broadcast sync committee message" error="could not publish message: unable to find requisite number of peers for topic /eth2/9d71364f/sync_committee_1/ssz_snappy, 0 peers found to publish to: context deadline exceeded" prefix=p2p
time="2024-06-11 18:10:31" level=error msg="Failed to broadcast sync committee message" error="could not publish message: unable to find requisite number of peers for topic /eth2/9d71364f/sync_committee_1/ssz_snappy, 0 peers found to publish to: context deadline exceeded" prefix=p2p
time="2024-06-11 18:10:31" level=error msg="Failed to broadcast sync committee message" error="could not publish message: unable to find requisite number of peers for topic /eth2/9d71364f/sync_committee_3/ssz_snappy, 0 peers found to publish to: context deadline exceeded" prefix=p2p
time="2024-06-11 18:10:31" level=error msg="Failed to broadcast sync committee message" error="could not publish message: unable to find requisite number of peers for topic /eth2/9d71364f/sync_committee_2/ssz_snappy, 0 peers found to publish to: context deadline exceeded" prefix=p2p
time="2024-06-11 18:10:31" level=error msg="Failed to broadcast sync committee message" error="could not publish message: unable to find requisite number of peers for topic /eth2/9d71364f/sync_committee_1/ssz_snappy, 0 peers found to publish to: context deadline exceeded" prefix=p2p
time="2024-06-11 18:10:31" level=error msg="Failed to broadcast sync committee message" error="could not publish message: unable to find requisite number of peers for topic /eth2/9d71364f/sync_committee_0/ssz_snappy, 0 peers found to publish to: context deadline exceeded" prefix=p2p
time="2024-06-11 18:10:31" level=error msg="Failed to broadcast sync committee message" error="could not publish message: unable to find requisite number of peers for topic /eth2/9d71364f/sync_committee_1/ssz_snappy, 0 peers found to publish to: context deadline exceeded" prefix=p2p
time="2024-06-11 18:10:31" level=error msg="Failed to broadcast sync committee message" error="could not publish message: unable to find requisite number of peers for topic /eth2/9d71364f/sync_committee_1/ssz_snappy, 0 peers found to publish to: context deadline exceeded" prefix=p2p
time="2024-06-11 18:10:31" level=error msg="Failed to broadcast sync committee message" error="could not publish message: unable to find requisite number of peers for topic /eth2/9d71364f/sync_committee_1/ssz_snappy, 0 peers found to publish to: context deadline exceeded" prefix=p2p
time="2024-06-11 18:10:31" level=error msg="Failed to broadcast sync committee message" error="could not publish message: unable to find requisite number of peers for topic /eth2/9d71364f/sync_committee_3/ssz_snappy, 0 peers found to publish to: context deadline exceeded" prefix=p2p
time="2024-06-11 18:10:31" level=error msg="Failed to broadcast sync committee message" error="could not publish message: unable to find requisite number of peers for topic /eth2/9d71364f/sync_committee_1/ssz_snappy, 0 peers found to publish to: context deadline exceeded" prefix=p2p
time="2024-06-11 18:10:31" level=error msg="Failed to broadcast sync committee message" error="could not publish message: unable to find requisite number of peers for topic /eth2/9d71364f/sync_committee_2/ssz_snappy, 0 peers found to publish to: context deadline exceeded" prefix=p2p
time="2024-06-11 18:10:31" level=error msg="Failed to broadcast sync committee message" error="could not publish message: unable to find requisite number of peers for topic /eth2/9d71364f/sync_committee_3/ssz_snappy, 0 peers found to publish to: context deadline exceeded" prefix=p2p
time="2024-06-11 18:10:31" level=error msg="Failed to broadcast sync committee message" error="could not publish message: unable to find requisite number of peers for topic /eth2/9d71364f/sync_committee_1/ssz_snappy, 0 peers found to publish to: context deadline exceeded" prefix=p2p
time="2024-06-11 18:10:31" level=error msg="Failed to broadcast sync committee message" error="could not publish message: unable to find requisite number of peers for topic /eth2/9d71364f/sync_committee_0/ssz_snappy, 0 peers found to publish to: context deadline exceeded" prefix=p2p
time="2024-06-11 18:10:31" level=error msg="Failed to broadcast sync committee message" error="could not publish message: unable to find requisite number of peers for topic /eth2/9d71364f/sync_committee_2/ssz_snappy, 0 peers found to publish to: context deadline exceeded" prefix=p2p
time="2024-06-11 18:10:31" level=error msg="Failed to broadcast sync committee message" error="could not publish message: unable to find requisite number of peers for topic /eth2/9d71364f/sync_committee_2/ssz_snappy, 0 peers found to publish to: context deadline exceeded" prefix=p2p
time="2024-06-11 18:10:31" level=error msg="Failed to broadcast sync committee message" error="could not publish message: unable to find requisite number of peers for topic /eth2/9d71364f/sync_committee_0/ssz_snappy, 0 peers found to publish to: context deadline exceeded" prefix=p2p
time="2024-06-11 18:10:31" level=error msg="Failed to broadcast sync committee message" error="could not publish message: unable to find requisite number of peers for topic /eth2/9d71364f/sync_committee_2/ssz_snappy, 0 peers found to publish to: context deadline exceeded" prefix=p2p
time="2024-06-11 18:10:31" level=error msg="Failed to broadcast sync committee message" error="could not publish message: unable to find requisite number of peers for topic /eth2/9d71364f/sync_committee_3/ssz_snappy, 0 peers found to publish to: context deadline exceeded" prefix=p2p
time="2024-06-11 18:10:31" level=error msg="Failed to broadcast sync committee message" error="could not publish message: unable to find requisite number of peers for topic /eth2/9d71364f/sync_committee_2/ssz_snappy, 0 peers found to publish to: context deadline exceeded" prefix=p2p
time="2024-06-11 18:10:31" level=error msg="Failed to broadcast sync committee message" error="could not publish message: unable to find requisite number of peers for topic /eth2/9d71364f/sync_committee_2/ssz_snappy, 0 peers found to publish to: context deadline exceeded" prefix=p2p
time="2024-06-11 18:10:31" level=error msg="Failed to broadcast sync committee message" error="could not publish message: unable to find requisite number of peers for topic /eth2/9d71364f/sync_committee_0/ssz_snappy, 0 peers found to publish to: context deadline exceeded" prefix=p2p
time="2024-06-11 18:10:31" level=error msg="Failed to broadcast sync committee message" error="could not publish message: unable to find requisite number of peers for topic /eth2/9d71364f/sync_committee_3/ssz_snappy, 0 peers found to publish to: context deadline exceeded" prefix=p2p
time="2024-06-11 18:10:31" level=error msg="Failed to broadcast sync committee message" error="could not publish message: unable to find requisite number of peers for topic /eth2/9d71364f/sync_committee_3/ssz_snappy, 0 peers found to publish to: context deadline exceeded" prefix=p2p
time="2024-06-11 18:10:31" level=error msg="Failed to broadcast sync committee message" error="could not publish message: unable to find requisite number of peers for topic /eth2/9d71364f/sync_committee_1/ssz_snappy, 0 peers found to publish to: context deadline exceeded" prefix=p2p
time="2024-06-11 18:10:31" level=error msg="Failed to broadcast sync committee message" error="could not publish message: unable to find requisite number of peers for topic /eth2/9d71364f/sync_committee_1/ssz_snappy, 0 peers found to publish to: context deadline exceeded" prefix=p2p
time="2024-06-11 18:10:31" level=error msg="Failed to broadcast sync committee message" error="could not publish message: unable to find requisite number of peers for topic /eth2/9d71364f/sync_committee_3/ssz_snappy, 0 peers found to publish to: context deadline exceeded" prefix=p2p
time="2024-06-11 18:10:31" level=error msg="Failed to broadcast sync committee message" error="could not publish message: unable to find requisite number of peers for topic /eth2/9d71364f/sync_committee_3/ssz_snappy, 0 peers found to publish to: context deadline exceeded" prefix=p2p
time="2024-06-11 18:10:31" level=error msg="Failed to broadcast sync committee message" error="could not publish message: unable to find requisite number of peers for topic /eth2/9d71364f/sync_committee_3/ssz_snappy, 0 peers found to publish to: context deadline exceeded" prefix=p2p
time="2024-06-11 18:10:31" level=error msg="Failed to broadcast sync committee message" error="could not publish message: unable to find requisite number of peers for topic /eth2/9d71364f/sync_committee_3/ssz_snappy, 0 peers found to publish to: context deadline exceeded" prefix=p2p
time="2024-06-11 18:10:31" level=error msg="Failed to broadcast sync committee message" error="could not publish message: unable to find requisite number of peers for topic /eth2/9d71364f/sync_committee_2/ssz_snappy, 0 peers found to publish to: context deadline exceeded" prefix=p2p
time="2024-06-11 18:10:31" level=error msg="Failed to broadcast sync committee message" error="could not publish message: unable to find requisite number of peers for topic /eth2/9d71364f/sync_committee_1/ssz_snappy, 0 peers found to publish to: context deadline exceeded" prefix=p2p
time="2024-06-11 18:10:31" level=error msg="Failed to broadcast sync committee message" error="could not publish message: unable to find requisite number of peers for topic /eth2/9d71364f/sync_committee_0/ssz_snappy, 0 peers found to publish to: context deadline exceeded" prefix=p2p
time="2024-06-11 18:10:31" level=error msg="Failed to broadcast sync committee message" error="could not publish message: unable to find requisite number of peers for topic /eth2/9d71364f/sync_committee_1/ssz_snappy, 0 peers found to publish to: context deadline exceeded" prefix=p2p
time="2024-06-11 18:10:31" level=error msg="Failed to broadcast sync committee message" error="could not publish message: unable to find requisite number of peers for topic /eth2/9d71364f/sync_committee_1/ssz_snappy, 0 peers found to publish to: context deadline exceeded" prefix=p2p
time="2024-06-11 18:10:31" level=error msg="Failed to broadcast sync committee message" error="could not publish message: unable to find requisite number of peers for topic /eth2/9d71364f/sync_committee_2/ssz_snappy, 0 peers found to publish to: context deadline exceeded" prefix=p2p
time="2024-06-11 18:10:31" level=error msg="Failed to broadcast sync committee message" error="could not publish message: unable to find requisite number of peers for topic /eth2/9d71364f/sync_committee_0/ssz_snappy, 0 peers found to publish to: context deadline exceeded" prefix=p2p
time="2024-06-11 18:10:31" level=error msg="Failed to broadcast sync committee message" error="could not publish message: unable to find requisite number of peers for topic /eth2/9d71364f/sync_committee_3/ssz_snappy, 0 peers found to publish to: context deadline exceeded" prefix=p2p
time="2024-06-11 18:10:31" level=error msg="Failed to broadcast sync committee message" error="could not publish message: unable to find requisite number of peers for topic /eth2/9d71364f/sync_committee_2/ssz_snappy, 0 peers found to publish to: context deadline exceeded" prefix=p2p
time="2024-06-11 18:10:31" level=error msg="Failed to broadcast sync committee message" error="could not publish message: unable to find requisite number of peers for topic /eth2/9d71364f/sync_committee_2/ssz_snappy, 0 peers found to publish to: context deadline exceeded" prefix=p2p
time="2024-06-11 18:10:31" level=error msg="Failed to broadcast sync committee message" error="could not publish message: unable to find requisite number of peers for topic /eth2/9d71364f/sync_committee_2/ssz_snappy, 0 peers found to publish to: context deadline exceeded" prefix=p2p
time="2024-06-11 18:10:31" level=error msg="Failed to broadcast sync committee message" error="could not publish message: unable to find requisite number of peers for topic /eth2/9d71364f/sync_committee_2/ssz_snappy, 0 peers found to publish to: context deadline exceeded" prefix=p2p
time="2024-06-11 18:10:31" level=error msg="Failed to broadcast sync committee message" error="could not publish message: unable to find requisite number of peers for topic /eth2/9d71364f/sync_committee_3/ssz_snappy, 0 peers found to publish to: context deadline exceeded" prefix=p2p
time="2024-06-11 18:10:31" level=error msg="Failed to broadcast sync committee message" error="could not publish message: unable to find requisite number of peers for topic /eth2/9d71364f/sync_committee_3/ssz_snappy, 0 peers found to publish to: context deadline exceeded" prefix=p2p
time="2024-06-11 18:10:31" level=error msg="Failed to broadcast sync committee message" error="could not publish message: unable to find requisite number of peers for topic /eth2/9d71364f/sync_committee_0/ssz_snappy, 0 peers found to publish to: context deadline exceeded" prefix=p2p
time="2024-06-11 18:10:31" level=error msg="Failed to broadcast sync committee message" error="could not publish message: unable to find requisite number of peers for topic /eth2/9d71364f/sync_committee_2/ssz_snappy, 0 peers found to publish to: context deadline exceeded" prefix=p2p
time="2024-06-11 18:10:31" level=error msg="Failed to broadcast sync committee message" error="could not publish message: unable to find requisite number of peers for topic /eth2/9d71364f/sync_committee_0/ssz_snappy, 0 peers found to publish to: context deadline exceeded" prefix=p2p
time="2024-06-11 18:10:31" level=error msg="Failed to broadcast sync committee message" error="could not publish message: unable to find requisite number of peers for topic /eth2/9d71364f/sync_committee_0/ssz_snappy, 0 peers found to publish to: context deadline exceeded" prefix=p2p
time="2024-06-11 18:10:31" level=error msg="Failed to broadcast sync committee message" error="could not publish message: unable to find requisite number of peers for topic /eth2/9d71364f/sync_committee_0/ssz_snappy, 0 peers found to publish to: context deadline exceeded" prefix=p2p
time="2024-06-11 18:10:31" level=error msg="Failed to broadcast sync committee message" error="could not publish message: unable to find requisite number of peers for topic /eth2/9d71364f/sync_committee_1/ssz_snappy, 0 peers found to publish to: context deadline exceeded" prefix=p2p
time="2024-06-11 18:10:31" level=error msg="Failed to broadcast sync committee message" error="could not publish message: unable to find requisite number of peers for topic /eth2/9d71364f/sync_committee_1/ssz_snappy, 0 peers found to publish to: context deadline exceeded" prefix=p2p
time="2024-06-11 18:10:31" level=error msg="Failed to broadcast sync committee message" error="could not publish message: unable to find requisite number of peers for topic /eth2/9d71364f/sync_committee_1/ssz_snappy, 0 peers found to publish to: context deadline exceeded" prefix=p2p
time="2024-06-11 18:10:31" level=error msg="Failed to broadcast sync committee message" error="could not publish message: unable to find requisite number of peers for topic /eth2/9d71364f/sync_committee_2/ssz_snappy, 0 peers found to publish to: context deadline exceeded" prefix=p2p
time="2024-06-11 18:10:31" level=error msg="Failed to broadcast sync committee message" error="could not publish message: unable to find requisite number of peers for topic /eth2/9d71364f/sync_committee_2/ssz_snappy, 0 peers found to publish to: context deadline exceeded" prefix=p2p
time="2024-06-11 18:10:31" level=error msg="Failed to broadcast sync committee message" error="could not publish message: unable to find requisite number of peers for topic /eth2/9d71364f/sync_committee_1/ssz_snappy, 0 peers found to publish to: context deadline exceeded" prefix=p2p
time="2024-06-11 18:10:31" level=error msg="Failed to broadcast sync committee message" error="could not publish message: unable to find requisite number of peers for topic /eth2/9d71364f/sync_committee_3/ssz_snappy, 0 peers found to publish to: context deadline exceeded" prefix=p2p
time="2024-06-11 18:10:31" level=error msg="Failed to broadcast sync committee message" error="could not publish message: unable to find requisite number of peers for topic /eth2/9d71364f/sync_committee_0/ssz_snappy, 0 peers found to publish to: context deadline exceeded" prefix=p2p
time="2024-06-11 18:10:31" level=error msg="Failed to broadcast sync committee message" error="could not publish message: unable to find requisite number of peers for topic /eth2/9d71364f/sync_committee_0/ssz_snappy, 0 peers found to publish to: context deadline exceeded" prefix=p2p
time="2024-06-11 18:10:31" level=error msg="Failed to broadcast sync committee message" error="could not publish message: unable to find requisite number of peers for topic /eth2/9d71364f/sync_committee_1/ssz_snappy, 0 peers found to publish to: context deadline exceeded" prefix=p2p
time="2024-06-11 18:10:31" level=error msg="Failed to broadcast sync committee message" error="could not publish message: unable to find requisite number of peers for topic /eth2/9d71364f/sync_committee_3/ssz_snappy, 0 peers found to publish to: context deadline exceeded" prefix=p2p
time="2024-06-11 18:10:31" level=error msg="Failed to broadcast sync committee message" error="could not publish message: unable to find requisite number of peers for topic /eth2/9d71364f/sync_committee_1/ssz_snappy, 0 peers found to publish to: context deadline exceeded" prefix=p2p
time="2024-06-11 18:10:31" level=error msg="Failed to broadcast sync committee message" error="could not publish message: unable to find requisite number of peers for topic /eth2/9d71364f/sync_committee_0/ssz_snappy, 0 peers found to publish to: context deadline exceeded" prefix=p2p
time="2024-06-11 18:10:31" level=error msg="Failed to broadcast sync committee message" error="could not publish message: unable to find requisite number of peers for topic /eth2/9d71364f/sync_committee_3/ssz_snappy, 0 peers found to publish to: context deadline exceeded" prefix=p2p
time="2024-06-11 18:10:31" level=error msg="Failed to broadcast sync committee message" error="could not publish message: unable to find requisite number of peers for topic /eth2/9d71364f/sync_committee_3/ssz_snappy, 0 peers found to publish to: context deadline exceeded" prefix=p2p
time="2024-06-11 18:10:31" level=error msg="Failed to broadcast sync committee message" error="could not publish message: unable to find requisite number of peers for topic /eth2/9d71364f/sync_committee_2/ssz_snappy, 0 peers found to publish to: context deadline exceeded" prefix=p2p
time="2024-06-11 18:10:31" level=error msg="Failed to broadcast sync committee message" error="could not publish message: unable to find requisite number of peers for topic /eth2/9d71364f/sync_committee_0/ssz_snappy, 0 peers found to publish to: context deadline exceeded" prefix=p2p
time="2024-06-11 18:10:31" level=error msg="Failed to broadcast sync committee message" error="could not publish message: unable to find requisite number of peers for topic /eth2/9d71364f/sync_committee_1/ssz_snappy, 0 peers found to publish to: context deadline exceeded" prefix=p2p
time="2024-06-11 18:10:31" level=error msg="Failed to broadcast sync committee message" error="could not publish message: unable to find requisite number of peers for topic /eth2/9d71364f/sync_committee_2/ssz_snappy, 0 peers found to publish to: context deadline exceeded" prefix=p2p
time="2024-06-11 18:10:31" level=error msg="Failed to broadcast sync committee message" error="could not publish message: unable to find requisite number of peers for topic /eth2/9d71364f/sync_committee_3/ssz_snappy, 0 peers found to publish to: context deadline exceeded" prefix=p2p
time="2024-06-11 18:10:31" level=error msg="Failed to broadcast sync committee message" error="could not publish message: unable to find requisite number of peers for topic /eth2/9d71364f/sync_committee_3/ssz_snappy, 0 peers found to publish to: context deadline exceeded" prefix=p2p
time="2024-06-11 18:10:31" level=error msg="Failed to broadcast sync committee message" error="could not publish message: unable to find requisite number of peers for topic /eth2/9d71364f/sync_committee_0/ssz_snappy, 0 peers found to publish to: context deadline exceeded" prefix=p2p
time="2024-06-11 18:10:31" level=error msg="Failed to broadcast sync committee message" error="could not publish message: unable to find requisite number of peers for topic /eth2/9d71364f/sync_committee_0/ssz_snappy, 0 peers found to publish to: context deadline exceeded" prefix=p2p
time="2024-06-11 18:10:31" level=error msg="Failed to broadcast sync committee message" error="could not publish message: unable to find requisite number of peers for topic /eth2/9d71364f/sync_committee_2/ssz_snappy, 0 peers found to publish to: context deadline exceeded" prefix=p2p
time="2024-06-11 18:10:31" level=error msg="Failed to broadcast sync committee message" error="could not publish message: unable to find requisite number of peers for topic /eth2/9d71364f/sync_committee_2/ssz_snappy, 0 peers found to publish to: context deadline exceeded" prefix=p2p
time="2024-06-11 18:10:31" level=error msg="Failed to broadcast sync committee message" error="could not publish message: unable to find requisite number of peers for topic /eth2/9d71364f/sync_committee_3/ssz_snappy, 0 peers found to publish to: context deadline exceeded" prefix=p2p
time="2024-06-11 18:10:31" level=error msg="Failed to broadcast sync committee message" error="could not publish message: unable to find requisite number of peers for topic /eth2/9d71364f/sync_committee_1/ssz_snappy, 0 peers found to publish to: context deadline exceeded" prefix=p2p
time="2024-06-11 18:10:31" level=error msg="Failed to broadcast sync committee message" error="could not publish message: unable to find requisite number of peers for topic /eth2/9d71364f/sync_committee_3/ssz_snappy, 0 peers found to publish to: context deadline exceeded" prefix=p2p
time="2024-06-11 18:10:31" level=error msg="Failed to broadcast sync committee message" error="could not publish message: unable to find requisite number of peers for topic /eth2/9d71364f/sync_committee_1/ssz_snappy, 0 peers found to publish to: context deadline exceeded" prefix=p2p
time="2024-06-11 18:10:31" level=error msg="Failed to broadcast sync committee message" error="could not publish message: unable to find requisite number of peers for topic /eth2/9d71364f/sync_committee_1/ssz_snappy, 0 peers found to publish to: context deadline exceeded" prefix=p2p
time="2024-06-11 18:10:31" level=error msg="Failed to broadcast sync committee message" error="could not publish message: unable to find requisite number of peers for topic /eth2/9d71364f/sync_committee_2/ssz_snappy, 0 peers found to publish to: context deadline exceeded" prefix=p2p
time="2024-06-11 18:10:31" level=error msg="Failed to broadcast sync committee message" error="could not publish message: unable to find requisite number of peers for topic /eth2/9d71364f/sync_committee_0/ssz_snappy, 0 peers found to publish to: context deadline exceeded" prefix=p2p
time="2024-06-11 18:10:31" level=error msg="Failed to broadcast sync committee message" error="could not publish message: unable to find requisite number of peers for topic /eth2/9d71364f/sync_committee_0/ssz_snappy, 0 peers found to publish to: context deadline exceeded" prefix=p2p
time="2024-06-11 18:10:31" level=error msg="Failed to broadcast sync committee message" error="could not publish message: unable to find requisite number of peers for topic /eth2/9d71364f/sync_committee_0/ssz_snappy, 0 peers found to publish to: context deadline exceeded" prefix=p2p
time="2024-06-11 18:10:31" level=error msg="Failed to broadcast sync committee message" error="could not publish message: unable to find requisite number of peers for topic /eth2/9d71364f/sync_committee_1/ssz_snappy, 0 peers found to publish to: context deadline exceeded" prefix=p2p
time="2024-06-11 18:10:31" level=error msg="Failed to broadcast sync committee message" error="could not publish message: unable to find requisite number of peers for topic /eth2/9d71364f/sync_committee_3/ssz_snappy, 0 peers found to publish to: context deadline exceeded" prefix=p2p
time="2024-06-11 18:10:31" level=error msg="Failed to broadcast sync committee message" error="could not publish message: unable to find requisite number of peers for topic /eth2/9d71364f/sync_committee_2/ssz_snappy, 0 peers found to publish to: context deadline exceeded" prefix=p2p
time="2024-06-11 18:10:31" level=error msg="Failed to broadcast sync committee message" error="could not publish message: unable to find requisite number of peers for topic /eth2/9d71364f/sync_committee_2/ssz_snappy, 0 peers found to publish to: context deadline exceeded" prefix=p2p
time="2024-06-11 18:10:31" level=error msg="Failed to broadcast sync committee message" error="could not publish message: unable to find requisite number of peers for topic /eth2/9d71364f/sync_committee_0/ssz_snappy, 0 peers found to publish to: context deadline exceeded" prefix=p2p
time="2024-06-11 18:10:31" level=error msg="Failed to broadcast sync committee message" error="could not publish message: unable to find requisite number of peers for topic /eth2/9d71364f/sync_committee_2/ssz_snappy, 0 peers found to publish to: context deadline exceeded" prefix=p2p
time="2024-06-11 18:10:31" level=error msg="Failed to broadcast sync committee message" error="could not publish message: unable to find requisite number of peers for topic /eth2/9d71364f/sync_committee_1/ssz_snappy, 0 peers found to publish to: context deadline exceeded" prefix=p2p
time="2024-06-11 18:10:31" level=error msg="Failed to broadcast sync committee message" error="could not publish message: unable to find requisite number of peers for topic /eth2/9d71364f/sync_committee_2/ssz_snappy, 0 peers found to publish to: context deadline exceeded" prefix=p2p
time="2024-06-11 18:10:31" level=error msg="Failed to broadcast sync committee message" error="could not publish message: unable to find requisite number of peers for topic /eth2/9d71364f/sync_committee_0/ssz_snappy, 0 peers found to publish to: context deadline exceeded" prefix=p2p
time="2024-06-11 18:10:31" level=error msg="Failed to broadcast sync committee message" error="could not publish message: unable to find requisite number of peers for topic /eth2/9d71364f/sync_committee_3/ssz_snappy, 0 peers found to publish to: context deadline exceeded" prefix=p2p
time="2024-06-11 18:10:31" level=error msg="Failed to broadcast sync committee message" error="could not publish message: unable to find requisite number of peers for topic /eth2/9d71364f/sync_committee_1/ssz_snappy, 0 peers found to publish to: context deadline exceeded" prefix=p2p
time="2024-06-11 18:10:31" level=error msg="Failed to broadcast sync committee message" error="could not publish message: unable to find requisite number of peers for topic /eth2/9d71364f/sync_committee_2/ssz_snappy, 0 peers found to publish to: context deadline exceeded" prefix=p2p
time="2024-06-11 18:10:31" level=error msg="Failed to broadcast sync committee message" error="could not publish message: unable to find requisite number of peers for topic /eth2/9d71364f/sync_committee_0/ssz_snappy, 0 peers found to publish to: context deadline exceeded" prefix=p2p
time="2024-06-11 18:10:31" level=error msg="Failed to broadcast sync committee message" error="could not publish message: unable to find requisite number of peers for topic /eth2/9d71364f/sync_committee_0/ssz_snappy, 0 peers found to publish to: context deadline exceeded" prefix=p2p
time="2024-06-11 18:10:31" level=error msg="Failed to broadcast sync committee message" error="could not publish message: unable to find requisite number of peers for topic /eth2/9d71364f/sync_committee_0/ssz_snappy, 0 peers found to publish to: context deadline exceeded" prefix=p2p
time="2024-06-11 18:10:31" level=error msg="Failed to broadcast sync committee message" error="could not publish message: unable to find requisite number of peers for topic /eth2/9d71364f/sync_committee_0/ssz_snappy, 0 peers found to publish to: context deadline exceeded" prefix=p2p
time="2024-06-11 18:10:31" level=error msg="Failed to broadcast sync committee message" error="could not publish message: unable to find requisite number of peers for topic /eth2/9d71364f/sync_committee_1/ssz_snappy, 0 peers found to publish to: context deadline exceeded" prefix=p2p
time="2024-06-11 18:10:31" level=error msg="Failed to broadcast sync committee message" error="could not publish message: unable to find requisite number of peers for topic /eth2/9d71364f/sync_committee_0/ssz_snappy, 0 peers found to publish to: context deadline exceeded" prefix=p2p
time="2024-06-11 18:10:31" level=error msg="Failed to broadcast sync committee message" error="could not publish message: unable to find requisite number of peers for topic /eth2/9d71364f/sync_committee_2/ssz_snappy, 0 peers found to publish to: context deadline exceeded" prefix=p2p
time="2024-06-11 18:10:31" level=error msg="Failed to broadcast sync committee message" error="could not publish message: unable to find requisite number of peers for topic /eth2/9d71364f/sync_committee_3/ssz_snappy, 0 peers found to publish to: context deadline exceeded" prefix=p2p
time="2024-06-11 18:10:31" level=error msg="Failed to broadcast sync committee message" error="could not publish message: unable to find requisite number of peers for topic /eth2/9d71364f/sync_committee_2/ssz_snappy, 0 peers found to publish to: context deadline exceeded" prefix=p2p
time="2024-06-11 18:10:31" level=error msg="Failed to broadcast sync committee message" error="could not publish message: unable to find requisite number of peers for topic /eth2/9d71364f/sync_committee_1/ssz_snappy, 0 peers found to publish to: context deadline exceeded" prefix=p2p
time="2024-06-11 18:10:31" level=error msg="Failed to broadcast sync committee message" error="could not publish message: unable to find requisite number of peers for topic /eth2/9d71364f/sync_committee_0/ssz_snappy, 0 peers found to publish to: context deadline exceeded" prefix=p2p
time="2024-06-11 18:10:31" level=error msg="Failed to broadcast sync committee message" error="could not publish message: unable to find requisite number of peers for topic /eth2/9d71364f/sync_committee_0/ssz_snappy, 0 peers found to publish to: context deadline exceeded" prefix=p2p
time="2024-06-11 18:10:31" level=error msg="Failed to broadcast sync committee message" error="could not publish message: unable to find requisite number of peers for topic /eth2/9d71364f/sync_committee_1/ssz_snappy, 0 peers found to publish to: context deadline exceeded" prefix=p2p
time="2024-06-11 18:10:31" level=error msg="Failed to broadcast sync committee message" error="could not publish message: unable to find requisite number of peers for topic /eth2/9d71364f/sync_committee_0/ssz_snappy, 0 peers found to publish to: context deadline exceeded" prefix=p2p
time="2024-06-11 18:10:31" level=error msg="Failed to broadcast sync committee message" error="could not publish message: unable to find requisite number of peers for topic /eth2/9d71364f/sync_committee_1/ssz_snappy, 0 peers found to publish to: context deadline exceeded" prefix=p2p
time="2024-06-11 18:10:31" level=error msg="Failed to broadcast sync committee message" error="could not publish message: unable to find requisite number of peers for topic /eth2/9d71364f/sync_committee_1/ssz_snappy, 0 peers found to publish to: context deadline exceeded" prefix=p2p
time="2024-06-11 18:10:31" level=error msg="Failed to broadcast sync committee message" error="could not publish message: unable to find requisite number of peers for topic /eth2/9d71364f/sync_committee_2/ssz_snappy, 0 peers found to publish to: context deadline exceeded" prefix=p2p
time="2024-06-11 18:10:31" level=error msg="Failed to broadcast sync committee message" error="could not publish message: unable to find requisite number of peers for topic /eth2/9d71364f/sync_committee_2/ssz_snappy, 0 peers found to publish to: context deadline exceeded" prefix=p2p
time="2024-06-11 18:10:31" level=error msg="Failed to broadcast sync committee message" error="could not publish message: unable to find requisite number of peers for topic /eth2/9d71364f/sync_committee_1/ssz_snappy, 0 peers found to publish to: context deadline exceeded" prefix=p2p
time="2024-06-11 18:10:31" level=error msg="Failed to broadcast sync committee message" error="could not publish message: unable to find requisite number of peers for topic /eth2/9d71364f/sync_committee_2/ssz_snappy, 0 peers found to publish to: context deadline exceeded" prefix=p2p
time="2024-06-11 18:10:31" level=error msg="Failed to broadcast sync committee message" error="could not publish message: unable to find requisite number of peers for topic /eth2/9d71364f/sync_committee_2/ssz_snappy, 0 peers found to publish to: context deadline exceeded" prefix=p2p
time="2024-06-11 18:10:31" level=error msg="Failed to broadcast sync committee message" error="could not publish message: unable to find requisite number of peers for topic /eth2/9d71364f/sync_committee_1/ssz_snappy, 0 peers found to publish to: context deadline exceeded" prefix=p2p
time="2024-06-11 18:10:31" level=error msg="Failed to broadcast sync committee message" error="could not publish message: unable to find requisite number of peers for topic /eth2/9d71364f/sync_committee_3/ssz_snappy, 0 peers found to publish to: context deadline exceeded" prefix=p2p
time="2024-06-11 18:10:31" level=error msg="Failed to broadcast sync committee message" error="could not publish message: unable to find requisite number of peers for topic /eth2/9d71364f/sync_committee_0/ssz_snappy, 0 peers found to publish to: context deadline exceeded" prefix=p2p
time="2024-06-11 18:10:31" level=error msg="Failed to broadcast sync committee message" error="could not publish message: unable to find requisite number of peers for topic /eth2/9d71364f/sync_committee_3/ssz_snappy, 0 peers found to publish to: context deadline exceeded" prefix=p2p
time="2024-06-11 18:10:31" level=error msg="Failed to broadcast sync committee message" error="could not publish message: unable to find requisite number of peers for topic /eth2/9d71364f/sync_committee_3/ssz_snappy, 0 peers found to publish to: context deadline exceeded" prefix=p2p
time="2024-06-11 18:10:31" level=error msg="Failed to broadcast sync committee message" error="could not publish message: unable to find requisite number of peers for topic /eth2/9d71364f/sync_committee_2/ssz_snappy, 0 peers found to publish to: context deadline exceeded" prefix=p2p
time="2024-06-11 18:10:31" level=error msg="Failed to broadcast sync committee message" error="could not publish message: unable to find requisite number of peers for topic /eth2/9d71364f/sync_committee_3/ssz_snappy, 0 peers found to publish to: context deadline exceeded" prefix=p2p
time="2024-06-11 18:10:31" level=error msg="Failed to broadcast sync committee message" error="could not publish message: unable to find requisite number of peers for topic /eth2/9d71364f/sync_committee_0/ssz_snappy, 0 peers found to publish to: context deadline exceeded" prefix=p2p
time="2024-06-11 18:10:31" level=error msg="Failed to broadcast sync committee message" error="could not publish message: unable to find requisite number of peers for topic /eth2/9d71364f/sync_committee_3/ssz_snappy, 0 peers found to publish to: context deadline exceeded" prefix=p2p
time="2024-06-11 18:10:31" level=error msg="Failed to broadcast sync committee message" error="could not publish message: unable to find requisite number of peers for topic /eth2/9d71364f/sync_committee_3/ssz_snappy, 0 peers found to publish to: context deadline exceeded" prefix=p2p
time="2024-06-11 18:10:31" level=error msg="Failed to broadcast sync committee message" error="could not publish message: unable to find requisite number of peers for topic /eth2/9d71364f/sync_committee_1/ssz_snappy, 0 peers found to publish to: context deadline exceeded" prefix=p2p
time="2024-06-11 18:10:31" level=error msg="Failed to broadcast sync committee message" error="could not publish message: unable to find requisite number of peers for topic /eth2/9d71364f/sync_committee_2/ssz_snappy, 0 peers found to publish to: context deadline exceeded" prefix=p2p
time="2024-06-11 18:10:31" level=error msg="Failed to broadcast sync committee message" error="could not publish message: unable to find requisite number of peers for topic /eth2/9d71364f/sync_committee_1/ssz_snappy, 0 peers found to publish to: context deadline exceeded" prefix=p2p
time="2024-06-11 18:10:31" level=error msg="Failed to broadcast sync committee message" error="could not publish message: unable to find requisite number of peers for topic /eth2/9d71364f/sync_committee_1/ssz_snappy, 0 peers found to publish to: context deadline exceeded" prefix=p2p
time="2024-06-11 18:10:31" level=error msg="Failed to broadcast sync committee message" error="could not publish message: unable to find requisite number of peers for topic /eth2/9d71364f/sync_committee_0/ssz_snappy, 0 peers found to publish to: context deadline exceeded" prefix=p2p
time="2024-06-11 18:10:31" level=error msg="Failed to broadcast sync committee message" error="could not publish message: unable to find requisite number of peers for topic /eth2/9d71364f/sync_committee_0/ssz_snappy, 0 peers found to publish to: context deadline exceeded" prefix=p2p
time="2024-06-11 18:10:31" level=error msg="Failed to broadcast sync committee message" error="could not publish message: unable to find requisite number of peers for topic /eth2/9d71364f/sync_committee_3/ssz_snappy, 0 peers found to publish to: context deadline exceeded" prefix=p2p
time="2024-06-11 18:10:31" level=error msg="Failed to broadcast sync committee message" error="could not publish message: unable to find requisite number of peers for topic /eth2/9d71364f/sync_committee_2/ssz_snappy, 0 peers found to publish to: context deadline exceeded" prefix=p2p
time="2024-06-11 18:10:31" level=error msg="Failed to broadcast sync committee message" error="could not publish message: unable to find requisite number of peers for topic /eth2/9d71364f/sync_committee_3/ssz_snappy, 0 peers found to publish to: context deadline exceeded" prefix=p2p
time="2024-06-11 18:10:31" level=error msg="Failed to broadcast sync committee message" error="could not publish message: unable to find requisite number of peers for topic /eth2/9d71364f/sync_committee_3/ssz_snappy, 0 peers found to publish to: context deadline exceeded" prefix=p2p
time="2024-06-11 18:10:31" level=error msg="Failed to broadcast sync committee message" error="could not publish message: unable to find requisite number of peers for topic /eth2/9d71364f/sync_committee_2/ssz_snappy, 0 peers found to publish to: context deadline exceeded" prefix=p2p
time="2024-06-11 18:10:31" level=error msg="Failed to broadcast sync committee message" error="could not publish message: unable to find requisite number of peers for topic /eth2/9d71364f/sync_committee_1/ssz_snappy, 0 peers found to publish to: context deadline exceeded" prefix=p2p
time="2024-06-11 18:10:31" level=error msg="Failed to broadcast sync committee message" error="could not publish message: unable to find requisite number of peers for topic /eth2/9d71364f/sync_committee_3/ssz_snappy, 0 peers found to publish to: context deadline exceeded" prefix=p2p
time="2024-06-11 18:10:31" level=error msg="Failed to broadcast sync committee message" error="could not publish message: unable to find requisite number of peers for topic /eth2/9d71364f/sync_committee_1/ssz_snappy, 0 peers found to publish to: context deadline exceeded" prefix=p2p
time="2024-06-11 18:10:31" level=error msg="Failed to broadcast sync committee message" error="could not publish message: unable to find requisite number of peers for topic /eth2/9d71364f/sync_committee_1/ssz_snappy, 0 peers found to publish to: context deadline exceeded" prefix=p2p
time="2024-06-11 18:10:31" level=error msg="Failed to broadcast sync committee message" error="could not publish message: unable to find requisite number of peers for topic /eth2/9d71364f/sync_committee_1/ssz_snappy, 0 peers found to publish to: context deadline exceeded" prefix=p2p
time="2024-06-11 18:10:31" level=error msg="Failed to broadcast sync committee message" error="could not publish message: unable to find requisite number of peers for topic /eth2/9d71364f/sync_committee_0/ssz_snappy, 0 peers found to publish to: context deadline exceeded" prefix=p2p
time="2024-06-11 18:10:31" level=error msg="Failed to broadcast sync committee message" error="could not publish message: unable to find requisite number of peers for topic /eth2/9d71364f/sync_committee_0/ssz_snappy, 0 peers found to publish to: context deadline exceeded" prefix=p2p
time="2024-06-11 18:10:31" level=error msg="Failed to broadcast sync committee message" error="could not publish message: unable to find requisite number of peers for topic /eth2/9d71364f/sync_committee_0/ssz_snappy, 0 peers found to publish to: context deadline exceeded" prefix=p2p
time="2024-06-11 18:10:31" level=error msg="Failed to broadcast sync committee message" error="could not publish message: unable to find requisite number of peers for topic /eth2/9d71364f/sync_committee_2/ssz_snappy, 0 peers found to publish to: context deadline exceeded" prefix=p2p
time="2024-06-11 18:10:31" level=error msg="Failed to broadcast sync committee message" error="could not publish message: unable to find requisite number of peers for topic /eth2/9d71364f/sync_committee_1/ssz_snappy, 0 peers found to publish to: context deadline exceeded" prefix=p2p
time="2024-06-11 18:10:31" level=error msg="Failed to broadcast sync committee message" error="could not publish message: unable to find requisite number of peers for topic /eth2/9d71364f/sync_committee_2/ssz_snappy, 0 peers found to publish to: context deadline exceeded" prefix=p2p
time="2024-06-11 18:10:31" level=error msg="Failed to broadcast sync committee message" error="could not publish message: unable to find requisite number of peers for topic /eth2/9d71364f/sync_committee_2/ssz_snappy, 0 peers found to publish to: context deadline exceeded" prefix=p2p
time="2024-06-11 18:10:31" level=error msg="Failed to broadcast sync committee message" error="could not publish message: unable to find requisite number of peers for topic /eth2/9d71364f/sync_committee_0/ssz_snappy, 0 peers found to publish to: context deadline exceeded" prefix=p2p
time="2024-06-11 18:10:31" level=error msg="Failed to broadcast sync committee message" error="could not publish message: unable to find requisite number of peers for topic /eth2/9d71364f/sync_committee_3/ssz_snappy, 0 peers found to publish to: context deadline exceeded" prefix=p2p
time="2024-06-11 18:10:31" level=error msg="Failed to broadcast sync committee message" error="could not publish message: unable to find requisite number of peers for topic /eth2/9d71364f/sync_committee_1/ssz_snappy, 0 peers found to publish to: context deadline exceeded" prefix=p2p
time="2024-06-11 18:10:31" level=error msg="Failed to broadcast sync committee message" error="could not publish message: unable to find requisite number of peers for topic /eth2/9d71364f/sync_committee_3/ssz_snappy, 0 peers found to publish to: context deadline exceeded" prefix=p2p
time="2024-06-11 18:10:31" level=error msg="Failed to broadcast sync committee message" error="could not publish message: unable to find requisite number of peers for topic /eth2/9d71364f/sync_committee_0/ssz_snappy, 0 peers found to publish to: context deadline exceeded" prefix=p2p
time="2024-06-11 18:10:31" level=error msg="Failed to broadcast sync committee message" error="could not publish message: unable to find requisite number of peers for topic /eth2/9d71364f/sync_committee_1/ssz_snappy, 0 peers found to publish to: context deadline exceeded" prefix=p2p
time="2024-06-11 18:10:31" level=error msg="Failed to broadcast sync committee message" error="could not publish message: unable to find requisite number of peers for topic /eth2/9d71364f/sync_committee_3/ssz_snappy, 0 peers found to publish to: context deadline exceeded" prefix=p2p
time="2024-06-11 18:10:31" level=error msg="Failed to broadcast sync committee message" error="could not publish message: unable to find requisite number of peers for topic /eth2/9d71364f/sync_committee_3/ssz_snappy, 0 peers found to publish to: context deadline exceeded" prefix=p2p
time="2024-06-11 18:10:31" level=error msg="Failed to broadcast sync committee message" error="could not publish message: unable to find requisite number of peers for topic /eth2/9d71364f/sync_committee_0/ssz_snappy, 0 peers found to publish to: context deadline exceeded" prefix=p2p
time="2024-06-11 18:10:31" level=error msg="Failed to broadcast sync committee message" error="could not publish message: unable to find requisite number of peers for topic /eth2/9d71364f/sync_committee_2/ssz_snappy, 0 peers found to publish to: context deadline exceeded" prefix=p2p
time="2024-06-11 18:10:31" level=error msg="Failed to broadcast sync committee message" error="could not publish message: unable to find requisite number of peers for topic /eth2/9d71364f/sync_committee_2/ssz_snappy, 0 peers found to publish to: context deadline exceeded" prefix=p2p
time="2024-06-11 18:10:31" level=error msg="Failed to broadcast sync committee message" error="could not publish message: unable to find requisite number of peers for topic /eth2/9d71364f/sync_committee_0/ssz_snappy, 0 peers found to publish to: context deadline exceeded" prefix=p2p
time="2024-06-11 18:10:31" level=error msg="Failed to broadcast sync committee message" error="could not publish message: unable to find requisite number of peers for topic /eth2/9d71364f/sync_committee_0/ssz_snappy, 0 peers found to publish to: context deadline exceeded" prefix=p2p
time="2024-06-11 18:10:31" level=error msg="Failed to broadcast sync committee message" error="could not publish message: unable to find requisite number of peers for topic /eth2/9d71364f/sync_committee_1/ssz_snappy, 0 peers found to publish to: context deadline exceeded" prefix=p2p
time="2024-06-11 18:10:31" level=error msg="Failed to broadcast sync committee message" error="could not publish message: unable to find requisite number of peers for topic /eth2/9d71364f/sync_committee_1/ssz_snappy, 0 peers found to publish to: context deadline exceeded" prefix=p2p
time="2024-06-11 18:10:31" level=error msg="Failed to broadcast sync committee message" error="could not publish message: unable to find requisite number of peers for topic /eth2/9d71364f/sync_committee_3/ssz_snappy, 0 peers found to publish to: context deadline exceeded" prefix=p2p
time="2024-06-11 18:10:31" level=error msg="Failed to broadcast sync committee message" error="could not publish message: unable to find requisite number of peers for topic /eth2/9d71364f/sync_committee_0/ssz_snappy, 0 peers found to publish to: context deadline exceeded" prefix=p2p
time="2024-06-11 18:10:31" level=error msg="Failed to broadcast sync committee message" error="could not publish message: unable to find requisite number of peers for topic /eth2/9d71364f/sync_committee_2/ssz_snappy, 0 peers found to publish to: context deadline exceeded" prefix=p2p
time="2024-06-11 18:10:31" level=error msg="Failed to broadcast sync committee message" error="could not publish message: unable to find requisite number of peers for topic /eth2/9d71364f/sync_committee_2/ssz_snappy, 0 peers found to publish to: context deadline exceeded" prefix=p2p
time="2024-06-11 18:10:31" level=error msg="Failed to broadcast sync committee message" error="could not publish message: unable to find requisite number of peers for topic /eth2/9d71364f/sync_committee_1/ssz_snappy, 0 peers found to publish to: context deadline exceeded" prefix=p2p
time="2024-06-11 18:10:31" level=error msg="Failed to broadcast sync committee message" error="could not publish message: unable to find requisite number of peers for topic /eth2/9d71364f/sync_committee_3/ssz_snappy, 0 peers found to publish to: context deadline exceeded" prefix=p2p
time="2024-06-11 18:10:31" level=error msg="Failed to broadcast sync committee message" error="could not publish message: unable to find requisite number of peers for topic /eth2/9d71364f/sync_committee_0/ssz_snappy, 0 peers found to publish to: context deadline exceeded" prefix=p2p
time="2024-06-11 18:10:31" level=error msg="Failed to broadcast sync committee message" error="could not publish message: unable to find requisite number of peers for topic /eth2/9d71364f/sync_committee_1/ssz_snappy, 0 peers found to publish to: context deadline exceeded" prefix=p2p
time="2024-06-11 18:10:31" level=error msg="Failed to broadcast sync committee message" error="could not publish message: unable to find requisite number of peers for topic /eth2/9d71364f/sync_committee_0/ssz_snappy, 0 peers found to publish to: context deadline exceeded" prefix=p2p
time="2024-06-11 18:10:31" level=error msg="Failed to broadcast sync committee message" error="could not publish message: unable to find requisite number of peers for topic /eth2/9d71364f/sync_committee_3/ssz_snappy, 0 peers found to publish to: context deadline exceeded" prefix=p2p
time="2024-06-11 18:10:31" level=error msg="Failed to broadcast sync committee message" error="could not publish message: unable to find requisite number of peers for topic /eth2/9d71364f/sync_committee_1/ssz_snappy, 0 peers found to publish to: context deadline exceeded" prefix=p2p
time="2024-06-11 18:10:31" level=error msg="Failed to broadcast sync committee message" error="could not publish message: unable to find requisite number of peers for topic /eth2/9d71364f/sync_committee_3/ssz_snappy, 0 peers found to publish to: context deadline exceeded" prefix=p2p
time="2024-06-11 18:10:31" level=error msg="Failed to broadcast sync committee message" error="could not publish message: unable to find requisite number of peers for topic /eth2/9d71364f/sync_committee_1/ssz_snappy, 0 peers found to publish to: context deadline exceeded" prefix=p2p
time="2024-06-11 18:10:31" level=error msg="Failed to broadcast sync committee message" error="could not publish message: unable to find requisite number of peers for topic /eth2/9d71364f/sync_committee_2/ssz_snappy, 0 peers found to publish to: context deadline exceeded" prefix=p2p
time="2024-06-11 18:10:31" level=error msg="Failed to broadcast sync committee message" error="could not publish message: unable to find requisite number of peers for topic /eth2/9d71364f/sync_committee_2/ssz_snappy, 0 peers found to publish to: context deadline exceeded" prefix=p2p
time="2024-06-11 18:10:31" level=error msg="Failed to broadcast sync committee message" error="could not publish message: unable to find requisite number of peers for topic /eth2/9d71364f/sync_committee_2/ssz_snappy, 0 peers found to publish to: context deadline exceeded" prefix=p2p
time="2024-06-11 18:10:31" level=error msg="Failed to broadcast sync committee message" error="could not publish message: unable to find requisite number of peers for topic /eth2/9d71364f/sync_committee_0/ssz_snappy, 0 peers found to publish to: context deadline exceeded" prefix=p2p
time="2024-06-11 18:10:31" level=error msg="Failed to broadcast sync committee message" error="could not publish message: unable to find requisite number of peers for topic /eth2/9d71364f/sync_committee_2/ssz_snappy, 0 peers found to publish to: context deadline exceeded" prefix=p2p
time="2024-06-11 18:10:31" level=error msg="Failed to broadcast sync committee message" error="could not publish message: unable to find requisite number of peers for topic /eth2/9d71364f/sync_committee_2/ssz_snappy, 0 peers found to publish to: context deadline exceeded" prefix=p2p
time="2024-06-11 18:10:31" level=error msg="Failed to broadcast sync committee message" error="could not publish message: unable to find requisite number of peers for topic /eth2/9d71364f/sync_committee_3/ssz_snappy, 0 peers found to publish to: context deadline exceeded" prefix=p2p
time="2024-06-11 18:10:31" level=error msg="Failed to broadcast sync committee message" error="could not publish message: unable to find requisite number of peers for topic /eth2/9d71364f/sync_committee_1/ssz_snappy, 0 peers found to publish to: context deadline exceeded" prefix=p2p
time="2024-06-11 18:10:31" level=error msg="Failed to broadcast sync committee message" error="could not publish message: unable to find requisite number of peers for topic /eth2/9d71364f/sync_committee_3/ssz_snappy, 0 peers found to publish to: context deadline exceeded" prefix=p2p
time="2024-06-11 18:10:31" level=error msg="Failed to broadcast sync committee message" error="could not publish message: unable to find requisite number of peers for topic /eth2/9d71364f/sync_committee_0/ssz_snappy, 0 peers found to publish to: context deadline exceeded" prefix=p2p
time="2024-06-11 18:10:31" level=error msg="Failed to broadcast sync committee message" error="could not publish message: unable to find requisite number of peers for topic /eth2/9d71364f/sync_committee_3/ssz_snappy, 0 peers found to publish to: context deadline exceeded" prefix=p2p
time="2024-06-11 18:10:31" level=error msg="Failed to broadcast sync committee message" error="could not publish message: unable to find requisite number of peers for topic /eth2/9d71364f/sync_committee_0/ssz_snappy, 0 peers found to publish to: context deadline exceeded" prefix=p2p
time="2024-06-11 18:10:31" level=error msg="Failed to broadcast sync committee message" error="could not publish message: unable to find requisite number of peers for topic /eth2/9d71364f/sync_committee_2/ssz_snappy, 0 peers found to publish to: context deadline exceeded" prefix=p2p
time="2024-06-11 18:10:31" level=error msg="Failed to broadcast sync committee message" error="could not publish message: unable to find requisite number of peers for topic /eth2/9d71364f/sync_committee_3/ssz_snappy, 0 peers found to publish to: context deadline exceeded" prefix=p2p
time="2024-06-11 18:10:31" level=error msg="Failed to broadcast sync committee message" error="could not publish message: unable to find requisite number of peers for topic /eth2/9d71364f/sync_committee_1/ssz_snappy, 0 peers found to publish to: context deadline exceeded" prefix=p2p
time="2024-06-11 18:10:31" level=error msg="Failed to broadcast sync committee message" error="could not publish message: unable to find requisite number of peers for topic /eth2/9d71364f/sync_committee_1/ssz_snappy, 0 peers found to publish to: context deadline exceeded" prefix=p2p
time="2024-06-11 18:10:31" level=error msg="Failed to broadcast sync committee message" error="could not publish message: unable to find requisite number of peers for topic /eth2/9d71364f/sync_committee_3/ssz_snappy, 0 peers found to publish to: context deadline exceeded" prefix=p2p
time="2024-06-11 18:10:31" level=error msg="Failed to broadcast sync committee message" error="could not publish message: unable to find requisite number of peers for topic /eth2/9d71364f/sync_committee_2/ssz_snappy, 0 peers found to publish to: context deadline exceeded" prefix=p2p
time="2024-06-11 18:10:31" level=error msg="Failed to broadcast sync committee message" error="could not publish message: unable to find requisite number of peers for topic /eth2/9d71364f/sync_committee_0/ssz_snappy, 0 peers found to publish to: context deadline exceeded" prefix=p2p
time="2024-06-11 18:10:31" level=error msg="Failed to broadcast sync committee message" error="could not publish message: unable to find requisite number of peers for topic /eth2/9d71364f/sync_committee_1/ssz_snappy, 0 peers found to publish to: context deadline exceeded" prefix=p2p
time="2024-06-11 18:10:31" level=error msg="Failed to broadcast sync committee message" error="could not publish message: unable to find requisite number of peers for topic /eth2/9d71364f/sync_committee_2/ssz_snappy, 0 peers found to publish to: context deadline exceeded" prefix=p2p
time="2024-06-11 18:10:31" level=error msg="Failed to broadcast sync committee message" error="could not publish message: unable to find requisite number of peers for topic /eth2/9d71364f/sync_committee_1/ssz_snappy, 0 peers found to publish to: context deadline exceeded" prefix=p2p
time="2024-06-11 18:10:31" level=error msg="Failed to broadcast sync committee message" error="could not publish message: unable to find requisite number of peers for topic /eth2/9d71364f/sync_committee_3/ssz_snappy, 0 peers found to publish to: context deadline exceeded" prefix=p2p
time="2024-06-11 18:10:31" level=error msg="Failed to broadcast sync committee message" error="could not publish message: unable to find requisite number of peers for topic /eth2/9d71364f/sync_committee_3/ssz_snappy, 0 peers found to publish to: context deadline exceeded" prefix=p2p
time="2024-06-11 18:10:31" level=error msg="Failed to broadcast sync committee message" error="could not publish message: unable to find requisite number of peers for topic /eth2/9d71364f/sync_committee_3/ssz_snappy, 0 peers found to publish to: context deadline exceeded" prefix=p2p
time="2024-06-11 18:10:31" level=error msg="Failed to broadcast sync committee message" error="could not publish message: unable to find requisite number of peers for topic /eth2/9d71364f/sync_committee_3/ssz_snappy, 0 peers found to publish to: context deadline exceeded" prefix=p2p
time="2024-06-11 18:10:31" level=error msg="Failed to broadcast sync committee message" error="could not publish message: unable to find requisite number of peers for topic /eth2/9d71364f/sync_committee_3/ssz_snappy, 0 peers found to publish to: context deadline exceeded" prefix=p2p
time="2024-06-11 18:10:31" level=error msg="Failed to broadcast sync committee message" error="could not publish message: unable to find requisite number of peers for topic /eth2/9d71364f/sync_committee_0/ssz_snappy, 0 peers found to publish to: context deadline exceeded" prefix=p2p
time="2024-06-11 18:10:31" level=error msg="Failed to broadcast sync committee message" error="could not publish message: unable to find requisite number of peers for topic /eth2/9d71364f/sync_committee_2/ssz_snappy, 0 peers found to publish to: context deadline exceeded" prefix=p2p
time="2024-06-11 18:10:31" level=error msg="Failed to broadcast sync committee message" error="could not publish message: unable to find requisite number of peers for topic /eth2/9d71364f/sync_committee_1/ssz_snappy, 0 peers found to publish to: context deadline exceeded" prefix=p2p
time="2024-06-11 18:10:31" level=error msg="Failed to broadcast sync committee message" error="could not publish message: unable to find requisite number of peers for topic /eth2/9d71364f/sync_committee_0/ssz_snappy, 0 peers found to publish to: context deadline exceeded" prefix=p2p
time="2024-06-11 18:10:31" level=error msg="Failed to broadcast sync committee message" error="could not publish message: unable to find requisite number of peers for topic /eth2/9d71364f/sync_committee_0/ssz_snappy, 0 peers found to publish to: context deadline exceeded" prefix=p2p
time="2024-06-11 18:10:31" level=error msg="Failed to broadcast sync committee message" error="could not publish message: unable to find requisite number of peers for topic /eth2/9d71364f/sync_committee_2/ssz_snappy, 0 peers found to publish to: context deadline exceeded" prefix=p2p
time="2024-06-11 18:10:31" level=error msg="Failed to broadcast sync committee message" error="could not publish message: unable to find requisite number of peers for topic /eth2/9d71364f/sync_committee_3/ssz_snappy, 0 peers found to publish to: context deadline exceeded" prefix=p2p
time="2024-06-11 18:10:31" level=error msg="Failed to broadcast sync committee message" error="could not publish message: unable to find requisite number of peers for topic /eth2/9d71364f/sync_committee_1/ssz_snappy, 0 peers found to publish to: context deadline exceeded" prefix=p2p
time="2024-06-11 18:10:31" level=error msg="Failed to broadcast sync committee message" error="could not publish message: unable to find requisite number of peers for topic /eth2/9d71364f/sync_committee_0/ssz_snappy, 0 peers found to publish to: context deadline exceeded" prefix=p2p
time="2024-06-11 18:10:31" level=error msg="Failed to broadcast sync committee message" error="could not publish message: unable to find requisite number of peers for topic /eth2/9d71364f/sync_committee_3/ssz_snappy, 0 peers found to publish to: context deadline exceeded" prefix=p2p
time="2024-06-11 18:10:31" level=error msg="Failed to broadcast sync committee message" error="could not publish message: unable to find requisite number of peers for topic /eth2/9d71364f/sync_committee_0/ssz_snappy, 0 peers found to publish to: context deadline exceeded" prefix=p2p
time="2024-06-11 18:10:31" level=error msg="Failed to broadcast sync committee message" error="could not publish message: unable to find requisite number of peers for topic /eth2/9d71364f/sync_committee_3/ssz_snappy, 0 peers found to publish to: context deadline exceeded" prefix=p2p
time="2024-06-11 18:10:31" level=error msg="Failed to broadcast sync committee message" error="could not publish message: unable to find requisite number of peers for topic /eth2/9d71364f/sync_committee_2/ssz_snappy, 0 peers found to publish to: context deadline exceeded" prefix=p2p
time="2024-06-11 18:10:31" level=error msg="Failed to broadcast sync committee message" error="could not publish message: unable to find requisite number of peers for topic /eth2/9d71364f/sync_committee_2/ssz_snappy, 0 peers found to publish to: context deadline exceeded" prefix=p2p
time="2024-06-11 18:10:31" level=error msg="Failed to broadcast sync committee message" error="could not publish message: unable to find requisite number of peers for topic /eth2/9d71364f/sync_committee_1/ssz_snappy, 0 peers found to publish to: context deadline exceeded" prefix=p2p
time="2024-06-11 18:10:31" level=error msg="Failed to broadcast sync committee message" error="could not publish message: unable to find requisite number of peers for topic /eth2/9d71364f/sync_committee_2/ssz_snappy, 0 peers found to publish to: context deadline exceeded" prefix=p2p
time="2024-06-11 18:10:31" level=error msg="Failed to broadcast sync committee message" error="could not publish message: unable to find requisite number of peers for topic /eth2/9d71364f/sync_committee_3/ssz_snappy, 0 peers found to publish to: context deadline exceeded" prefix=p2p
time="2024-06-11 18:10:31" level=error msg="Failed to broadcast sync committee message" error="could not publish message: unable to find requisite number of peers for topic /eth2/9d71364f/sync_committee_3/ssz_snappy, 0 peers found to publish to: context deadline exceeded" prefix=p2p
time="2024-06-11 18:10:31" level=error msg="Failed to broadcast sync committee message" error="could not publish message: unable to find requisite number of peers for topic /eth2/9d71364f/sync_committee_0/ssz_snappy, 0 peers found to publish to: context deadline exceeded" prefix=p2p
time="2024-06-11 18:10:31" level=error msg="Failed to broadcast sync committee message" error="could not publish message: unable to find requisite number of peers for topic /eth2/9d71364f/sync_committee_2/ssz_snappy, 0 peers found to publish to: context deadline exceeded" prefix=p2p
time="2024-06-11 18:10:31" level=error msg="Failed to broadcast sync committee message" error="could not publish message: unable to find requisite number of peers for topic /eth2/9d71364f/sync_committee_0/ssz_snappy, 0 peers found to publish to: context deadline exceeded" prefix=p2p
time="2024-06-11 18:10:31" level=error msg="Failed to broadcast sync committee message" error="could not publish message: unable to find requisite number of peers for topic /eth2/9d71364f/sync_committee_2/ssz_snappy, 0 peers found to publish to: context deadline exceeded" prefix=p2p
time="2024-06-11 18:10:31" level=error msg="Failed to broadcast sync committee message" error="could not publish message: unable to find requisite number of peers for topic /eth2/9d71364f/sync_committee_2/ssz_snappy, 0 peers found to publish to: context deadline exceeded" prefix=p2p
time="2024-06-11 18:10:31" level=error msg="Failed to broadcast sync committee message" error="could not publish message: unable to find requisite number of peers for topic /eth2/9d71364f/sync_committee_3/ssz_snappy, 0 peers found to publish to: context deadline exceeded" prefix=p2p
time="2024-06-11 18:10:31" level=error msg="Failed to broadcast sync committee message" error="could not publish message: unable to find requisite number of peers for topic /eth2/9d71364f/sync_committee_1/ssz_snappy, 0 peers found to publish to: context deadline exceeded" prefix=p2p
time="2024-06-11 18:10:33" level=info msg="Connected to new endpoint" endpoint="http://localhost:8200" prefix=execution
time="2024-06-11 18:10:33" level=error msg="Beacon node is not respecting the follow distance. EL client is syncing." lastBlockNumber=0 prefix=execution
time="2024-06-11 18:10:34" level=info msg="Start processing queued attestations" attsQueueSize=0 currentEpoch=0 currentSlot=2 numDeferredAtts=0 numDroppedAtts=0 numValidAtts=0 prefix=slasher
time="2024-06-11 18:10:34" level=info msg="Done processing queued attestations" elapsed=7.875µs prefix=slasher
time="2024-06-11 18:10:34" level=info msg="Processing queued blocks for slashing detection" currentEpoch=0 currentSlot=2 numBlocks=0 prefix=slasher
time="2024-06-11 18:10:35" level=info msg="Synced new block" block=0x0898f0f2... epoch=0 finalizedEpoch=0 finalizedRoot=0x00000000... prefix=blockchain slot=2
time="2024-06-11 18:10:35" level=info msg="Finished applying state transition" payloadHash=0xa01977451223 prefix=blockchain slot=2 syncBitsCount=0 txCount=0
time="2024-06-11 18:10:35" level=info msg="Forkchoice updated with payload attributes for proposal" blockRoot=0x0898f0f2fc35 headSlot=2 payloadID=0x0346f03f4f31 prefix=blockchain
time="2024-06-11 18:10:40" level=info msg="Got interrupt, shutting down..." prefix=node
time="2024-06-11 18:10:40" level=info msg="Stopping beacon node" prefix=node
time="2024-06-11 18:10:40" level=info msg="Flushing last epoch written for each validator to disk, please wait" prefix=slasher
time="2024-06-11 18:10:40" level=info msg="Already shutting down, interrupt more to panic" prefix=node times=9
